<?xml version="1.0" encoding="UTF-8"?>
<testsuite name="taratasy.handler.GetFilesHandlerTest" tests="2" skipped="0" failures="0" errors="0" timestamp="2023-05-19T15:40:53" hostname="MacBook-Pro-de-Lou.local" time="1.542">
  <properties/>
  <testcase name="bema_cannot_read_lita()" classname="taratasy.handler.GetFilesHandlerTest" time="1.483"/>
  <testcase name="self_can_read_self()" classname="taratasy.handler.GetFilesHandlerTest" time="0.059"/>
  <system-out><![CDATA[EnvironmentVariableExtension: This extension uses reflection to mutate JDK-internal state, which is fragile. Check the Javadoc or documentation for more details.
]]></system-out>
  <system-err><![CDATA[SLF4J: Failed to load class "org.slf4j.impl.StaticLoggerBinder".
SLF4J: Defaulting to no-operation (NOP) logger implementation
SLF4J: See http://www.slf4j.org/codes.html#StaticLoggerBinder for further details.
]]></system-err>
</testsuite>
